[1/25] Building documentation with Doxygen.
/Users/matthew.supernaw/FIMS-Testing/json_demo_error/new_pull/FIMS/inst/include/common/data_object.hpp:209: warning: Member DataObject< Type >::id_g (variable) of namespace fims_data_object is not documented.
/Users/matthew.supernaw/FIMS-Testing/json_demo_error/new_pull/FIMS/inst/include/common/information.hpp:1028: warning: Member Information< Type >::fims_information (variable) of namespace fims_info is not documented.
/Users/matthew.supernaw/FIMS-Testing/json_demo_error/new_pull/FIMS/inst/include/common/model.hpp:178: warning: Member Model< Type >::fims_model (variable) of namespace fims_model is not documented.
/Users/matthew.supernaw/FIMS-Testing/json_demo_error/new_pull/FIMS/inst/include/population_dynamics/depletion/functors/depletion_base.hpp:58: warning: Member DepletionBase< Type >::id_g (variable) of namespace fims_popdy is not documented.
/Users/matthew.supernaw/FIMS-Testing/json_demo_error/new_pull/FIMS/inst/include/population_dynamics/fleet/fleet.hpp:390: warning: Member Fleet< Type >::id_g (variable) of namespace fims_popdy is not documented.
/Users/matthew.supernaw/FIMS-Testing/json_demo_error/new_pull/FIMS/inst/include/population_dynamics/growth/functors/growth_base.hpp:46: warning: Member GrowthBase< Type >::id_g (variable) of namespace fims_popdy is not documented.
/Users/matthew.supernaw/FIMS-Testing/json_demo_error/new_pull/FIMS/inst/include/population_dynamics/maturity/functors/maturity_base.hpp:55: warning: Member MaturityBase< Type >::id_g (variable) of namespace fims_popdy is not documented.
/Users/matthew.supernaw/FIMS-Testing/json_demo_error/new_pull/FIMS/inst/include/population_dynamics/population/population.hpp:654: warning: Member Population< Type >::id_g (variable) of namespace fims_popdy is not documented.
/Users/matthew.supernaw/FIMS-Testing/json_demo_error/new_pull/FIMS/inst/include/population_dynamics/recruitment/functors/recruitment_base.hpp:107: warning: Member RecruitmentBase< Type >::id_g (variable) of namespace fims_popdy is not documented.
/Users/matthew.supernaw/FIMS-Testing/json_demo_error/new_pull/FIMS/inst/include/population_dynamics/selectivity/functors/selectivity_base.hpp:59: warning: Member SelectivityBase< Type >::id_g (variable) of namespace fims_popdy is not documented.
/Users/matthew.supernaw/FIMS-Testing/json_demo_error/new_pull/FIMS/inst/include/models/functors/fishery_model_base.hpp:316: warning: Member FisheryModelBase< Type >::id_g (variable) of namespace fims_popdy is not documented.
/Users/matthew.supernaw/FIMS-Testing/json_demo_error/new_pull/FIMS/inst/include/models/functors/catch_at_age.hpp:353: warning: Member InitializeCAA() (function) of class fims_popdy::CatchAtAge is not documented.
/Users/matthew.supernaw/FIMS-Testing/json_demo_error/new_pull/FIMS/inst/include/models/functors/surplus_production.hpp:135: warning: Member AddPopulation(uint32_t id) (function) of class fims_popdy::SurplusProduction is not documented.
/Users/matthew.supernaw/FIMS-Testing/json_demo_error/new_pull/FIMS/inst/include/models/functors/surplus_production.hpp:137: warning: Member GetPopulationIds() (function) of class fims_popdy::SurplusProduction is not documented.
/Users/matthew.supernaw/FIMS-Testing/json_demo_error/new_pull/FIMS/inst/include/models/functors/surplus_production.hpp:139: warning: Member GetPopulations() (function) of class fims_popdy::SurplusProduction is not documented.
/Users/matthew.supernaw/FIMS-Testing/json_demo_error/new_pull/FIMS/inst/include/models/functors/surplus_production.hpp:143: warning: Member CalculateCatch(std::shared_ptr< fims_popdy::Population< Type > > &population, size_t year) (function) of class fims_popdy::SurplusProduction is not documented.
/Users/matthew.supernaw/FIMS-Testing/json_demo_error/new_pull/FIMS/inst/include/models/functors/surplus_production.hpp:154: warning: Member CalculateDepletion(std::shared_ptr< fims_popdy::Population< Type > > &population, size_t i_year) (function) of class fims_popdy::SurplusProduction is not documented.
/Users/matthew.supernaw/FIMS-Testing/json_demo_error/new_pull/FIMS/inst/include/models/functors/surplus_production.hpp:174: warning: Member CalculateIndex(std::shared_ptr< fims_popdy::Population< Type > > &population, size_t i_year) (function) of class fims_popdy::SurplusProduction is not documented.
/Users/matthew.supernaw/FIMS-Testing/json_demo_error/new_pull/FIMS/inst/include/models/functors/surplus_production.hpp:188: warning: Member CalculateBiomass(std::shared_ptr< fims_popdy::Population< Type > > &population, size_t i_year) (function) of class fims_popdy::SurplusProduction is not documented.
/Users/matthew.supernaw/FIMS-Testing/json_demo_error/new_pull/FIMS/inst/include/models/functors/surplus_production.hpp:71: warning: Member nyears (variable) of class fims_popdy::SurplusProduction is not documented.
/Users/matthew.supernaw/FIMS-Testing/json_demo_error/new_pull/FIMS/inst/include/models/functors/surplus_production.hpp:72: warning: Member nages (variable) of class fims_popdy::SurplusProduction is not documented.
/Users/matthew.supernaw/FIMS-Testing/json_demo_error/new_pull/FIMS/inst/include/models/functors/surplus_production.hpp:73: warning: Member population_ids (variable) of class fims_popdy::SurplusProduction is not documented.
/Users/matthew.supernaw/FIMS-Testing/json_demo_error/new_pull/FIMS/inst/include/models/functors/surplus_production.hpp:74: warning: Member populations (variable) of class fims_popdy::SurplusProduction is not documented.
[2/25] Building CXX object tests/gtest/CMakeFiles/population_unfished.dir/test_population_Unfished_Initial.cpp.o
FAILED: [code=1] tests/gtest/CMakeFiles/population_unfished.dir/test_population_Unfished_Initial.cpp.o 
/usr/bin/c++ -DSTD_LIB -I/Users/matthew.supernaw/FIMS-Testing/json_demo_error/new_pull/FIMS/inst/include -isystem /Users/matthew.supernaw/FIMS-Testing/json_demo_error/new_pull/FIMS/build/_deps/googletest-src/googletest/include -isystem /Users/matthew.supernaw/FIMS-Testing/json_demo_error/new_pull/FIMS/build/_deps/googletest-src/googletest --coverage -std=gnu++17 -arch arm64 -MD -MT tests/gtest/CMakeFiles/population_unfished.dir/test_population_Unfished_Initial.cpp.o -MF tests/gtest/CMakeFiles/population_unfished.dir/test_population_Unfished_Initial.cpp.o.d -o tests/gtest/CMakeFiles/population_unfished.dir/test_population_Unfished_Initial.cpp.o -c /Users/matthew.supernaw/FIMS-Testing/json_demo_error/new_pull/FIMS/tests/gtest/test_population_Unfished_Initial.cpp
In file included from /Users/matthew.supernaw/FIMS-Testing/json_demo_error/new_pull/FIMS/tests/gtest/test_population_Unfished_Initial.cpp:3:
/Users/matthew.supernaw/FIMS-Testing/json_demo_error/new_pull/FIMS/tests/gtest/../../tests/gtest/test_population_test_fixture.hpp:46:16: warning: 'TearDown' overrides a member function but is not marked 'override' [-Winconsistent-missing-override]
   46 |   virtual void TearDown() {}
      |                ^
/Users/matthew.supernaw/FIMS-Testing/json_demo_error/new_pull/FIMS/build/_deps/googletest-src/googletest/include/gtest/gtest.h:315:16: note: overridden virtual function is here
  315 |   virtual void TearDown();
      |                ^
In file included from /Users/matthew.supernaw/FIMS-Testing/json_demo_error/new_pull/FIMS/tests/gtest/test_population_Unfished_Initial.cpp:3:
/Users/matthew.supernaw/FIMS-Testing/json_demo_error/new_pull/FIMS/tests/gtest/../../tests/gtest/test_population_test_fixture.hpp:233:16: warning: 'TearDown' overrides a member function but is not marked 'override' [-Winconsistent-missing-override]
  233 |   virtual void TearDown() {}
      |                ^
/Users/matthew.supernaw/FIMS-Testing/json_demo_error/new_pull/FIMS/build/_deps/googletest-src/googletest/include/gtest/gtest.h:315:16: note: overridden virtual function is here
  315 |   virtual void TearDown();
      |                ^
In file included from /Users/matthew.supernaw/FIMS-Testing/json_demo_error/new_pull/FIMS/tests/gtest/test_population_Unfished_Initial.cpp:3:
/Users/matthew.supernaw/FIMS-Testing/json_demo_error/new_pull/FIMS/tests/gtest/../../tests/gtest/test_population_test_fixture.hpp:357:16: warning: 'TearDown' overrides a member function but is not marked 'override' [-Winconsistent-missing-override]
  357 |   virtual void TearDown() {}
      |                ^
/Users/matthew.supernaw/FIMS-Testing/json_demo_error/new_pull/FIMS/build/_deps/googletest-src/googletest/include/gtest/gtest.h:315:16: note: overridden virtual function is here
  315 |   virtual void TearDown();
      |                ^
In file included from /Users/matthew.supernaw/FIMS-Testing/json_demo_error/new_pull/FIMS/tests/gtest/test_population_Unfished_Initial.cpp:3:
In file included from /Users/matthew.supernaw/FIMS-Testing/json_demo_error/new_pull/FIMS/tests/gtest/../../tests/gtest/test_population_test_fixture.hpp:5:
/Users/matthew.supernaw/FIMS-Testing/json_demo_error/new_pull/FIMS/tests/gtest/../../tests/gtest/../../inst/include/models/functors/catch_at_age.hpp:358:60: error: non-const lvalue reference to type 'map<std::string, fims::Vector<double>, less<std::string>, allocator<pair<const std::string, fims::Vector<double>>>>' cannot bind to a value of unrelated type 'map<unsigned int, std::map<std::string, fims::Vector<double>>, less<unsigned int>, allocator<pair<const unsigned int, std::map<std::string, fims::Vector<double>>>>>'
  358 |                 std::map<std::string, fims::Vector<Type>> &derived_quantities =
      |                                                            ^
  359 |                     this->population_derived_quantities[this->populations[p]->GetId()];
      |                     ~~~~~~~~~~~~~~~~~~~~~~~~~~~~~~~~~~~~~~~~~~~~~~~~~~~~~~~~~~~~~~~~~~
/Users/matthew.supernaw/FIMS-Testing/json_demo_error/new_pull/FIMS/tests/gtest/../../tests/gtest/test_population_test_fixture.hpp:129:25: note: in instantiation of member function 'fims_popdy::CatchAtAge<double>::InitializeCAA' requested here
  129 |     catch_at_age_model->InitializeCAA();
      |                         ^
In file included from /Users/matthew.supernaw/FIMS-Testing/json_demo_error/new_pull/FIMS/tests/gtest/test_population_Unfished_Initial.cpp:3:
In file included from /Users/matthew.supernaw/FIMS-Testing/json_demo_error/new_pull/FIMS/tests/gtest/../../tests/gtest/test_population_test_fixture.hpp:5:
/Users/matthew.supernaw/FIMS-Testing/json_demo_error/new_pull/FIMS/tests/gtest/../../tests/gtest/../../inst/include/models/functors/catch_at_age.hpp:362:27: error: no member named 'population_derived_quantities_dims' in 'fims_popdy::CatchAtAge<double>'
  362 |                     this->population_derived_quantities_dims[this->populations[p]->GetId()];
      |                     ~~~~  ^
/Users/matthew.supernaw/FIMS-Testing/json_demo_error/new_pull/FIMS/tests/gtest/../../tests/gtest/../../inst/include/models/functors/catch_at_age.hpp:452:60: error: non-const lvalue reference to type 'map<std::string, fims::Vector<double>, less<std::string>, allocator<pair<const std::string, fims::Vector<double>>>>' cannot bind to a value of unrelated type 'map<unsigned int, std::map<std::string, fims::Vector<double>>, less<unsigned int>, allocator<pair<const unsigned int, std::map<std::string, fims::Vector<double>>>>>'
  452 |                 std::map<std::string, fims::Vector<Type>> &derived_quantities =
      |                                                            ^
  453 |                     this->fleet_derived_quantities[fleet->GetId()];
      |                     ~~~~~~~~~~~~~~~~~~~~~~~~~~~~~~~~~~~~~~~~~~~~~~
/Users/matthew.supernaw/FIMS-Testing/json_demo_error/new_pull/FIMS/tests/gtest/../../tests/gtest/../../inst/include/models/functors/catch_at_age.hpp:456:31: error: no member named 'fleet_derived_quantities_dims' in 'fims_popdy::CatchAtAge<double>'
  456 |                         this->fleet_derived_quantities_dims[fleet->GetId()];
      |                         ~~~~  ^
In file included from /Users/matthew.supernaw/FIMS-Testing/json_demo_error/new_pull/FIMS/tests/gtest/test_population_Unfished_Initial.cpp:1:
In file included from /Users/matthew.supernaw/FIMS-Testing/json_demo_error/new_pull/FIMS/build/_deps/googletest-src/googletest/include/gtest/gtest.h:55:
In file included from /Applications/Xcode.app/Contents/Developer/Platforms/MacOSX.platform/Developer/SDKs/MacOSX.sdk/usr/include/c++/v1/memory:939:
/Applications/Xcode.app/Contents/Developer/Platforms/MacOSX.platform/Developer/SDKs/MacOSX.sdk/usr/include/c++/v1/__memory/shared_ptr.h:749:19: error: static assertion failed due to requirement 'is_array<std::map<unsigned int, std::map<std::string, fims::Vector<double>, std::less<std::string>, std::allocator<std::pair<const std::string, fims::Vector<double>>>>, std::less<unsigned int>, std::allocator<std::pair<const unsigned int, std::map<std::string, fims::Vector<double>, std::less<std::string>, std::allocator<std::pair<const std::string, fims::Vector<double>>>>>>>>::value': std::shared_ptr<T>::operator[] is only valid when T is an array type.
  749 |     static_assert(is_array<_Tp>::value, "std::shared_ptr<T>::operator[] is only valid when T is an array type.");
      |                   ^~~~~~~~~~~~~~~~~~~~
/Users/matthew.supernaw/FIMS-Testing/json_demo_error/new_pull/FIMS/tests/gtest/../../tests/gtest/../../inst/include/models/functors/catch_at_age.hpp:359:21: note: in instantiation of member function 'std::shared_ptr<std::map<unsigned int, std::map<std::string, fims::Vector<double>>>>::operator[]' requested here
  359 |                     this->population_derived_quantities[this->populations[p]->GetId()];
      |                     ^
/Users/matthew.supernaw/FIMS-Testing/json_demo_error/new_pull/FIMS/tests/gtest/../../tests/gtest/test_population_test_fixture.hpp:129:25: note: in instantiation of member function 'fims_popdy::CatchAtAge<double>::InitializeCAA' requested here
  129 |     catch_at_age_model->InitializeCAA();
      |                         ^
3 warnings and 5 errors generated.
[3/25] Building CXX object tests/gtest/CMakeFiles/population_Index.dir/test_population_Index.cpp.o
FAILED: [code=1] tests/gtest/CMakeFiles/population_Index.dir/test_population_Index.cpp.o 
/usr/bin/c++ -DSTD_LIB -I/Users/matthew.supernaw/FIMS-Testing/json_demo_error/new_pull/FIMS/inst/include -isystem /Users/matthew.supernaw/FIMS-Testing/json_demo_error/new_pull/FIMS/build/_deps/googletest-src/googletest/include -isystem /Users/matthew.supernaw/FIMS-Testing/json_demo_error/new_pull/FIMS/build/_deps/googletest-src/googletest --coverage -std=gnu++17 -arch arm64 -MD -MT tests/gtest/CMakeFiles/population_Index.dir/test_population_Index.cpp.o -MF tests/gtest/CMakeFiles/population_Index.dir/test_population_Index.cpp.o.d -o tests/gtest/CMakeFiles/population_Index.dir/test_population_Index.cpp.o -c /Users/matthew.supernaw/FIMS-Testing/json_demo_error/new_pull/FIMS/tests/gtest/test_population_Index.cpp
In file included from /Users/matthew.supernaw/FIMS-Testing/json_demo_error/new_pull/FIMS/tests/gtest/test_population_Index.cpp:3:
/Users/matthew.supernaw/FIMS-Testing/json_demo_error/new_pull/FIMS/tests/gtest/../../tests/gtest/test_population_test_fixture.hpp:46:16: warning: 'TearDown' overrides a member function but is not marked 'override' [-Winconsistent-missing-override]
   46 |   virtual void TearDown() {}
      |                ^
/Users/matthew.supernaw/FIMS-Testing/json_demo_error/new_pull/FIMS/build/_deps/googletest-src/googletest/include/gtest/gtest.h:315:16: note: overridden virtual function is here
  315 |   virtual void TearDown();
      |                ^
In file included from /Users/matthew.supernaw/FIMS-Testing/json_demo_error/new_pull/FIMS/tests/gtest/test_population_Index.cpp:3:
/Users/matthew.supernaw/FIMS-Testing/json_demo_error/new_pull/FIMS/tests/gtest/../../tests/gtest/test_population_test_fixture.hpp:233:16: warning: 'TearDown' overrides a member function but is not marked 'override' [-Winconsistent-missing-override]
  233 |   virtual void TearDown() {}
      |                ^
/Users/matthew.supernaw/FIMS-Testing/json_demo_error/new_pull/FIMS/build/_deps/googletest-src/googletest/include/gtest/gtest.h:315:16: note: overridden virtual function is here
  315 |   virtual void TearDown();
      |                ^
In file included from /Users/matthew.supernaw/FIMS-Testing/json_demo_error/new_pull/FIMS/tests/gtest/test_population_Index.cpp:3:
/Users/matthew.supernaw/FIMS-Testing/json_demo_error/new_pull/FIMS/tests/gtest/../../tests/gtest/test_population_test_fixture.hpp:357:16: warning: 'TearDown' overrides a member function but is not marked 'override' [-Winconsistent-missing-override]
  357 |   virtual void TearDown() {}
      |                ^
/Users/matthew.supernaw/FIMS-Testing/json_demo_error/new_pull/FIMS/build/_deps/googletest-src/googletest/include/gtest/gtest.h:315:16: note: overridden virtual function is here
  315 |   virtual void TearDown();
      |                ^
In file included from /Users/matthew.supernaw/FIMS-Testing/json_demo_error/new_pull/FIMS/tests/gtest/test_population_Index.cpp:3:
In file included from /Users/matthew.supernaw/FIMS-Testing/json_demo_error/new_pull/FIMS/tests/gtest/../../tests/gtest/test_population_test_fixture.hpp:5:
/Users/matthew.supernaw/FIMS-Testing/json_demo_error/new_pull/FIMS/tests/gtest/../../tests/gtest/../../inst/include/models/functors/catch_at_age.hpp:358:60: error: non-const lvalue reference to type 'map<std::string, fims::Vector<double>, less<std::string>, allocator<pair<const std::string, fims::Vector<double>>>>' cannot bind to a value of unrelated type 'map<unsigned int, std::map<std::string, fims::Vector<double>>, less<unsigned int>, allocator<pair<const unsigned int, std::map<std::string, fims::Vector<double>>>>>'
  358 |                 std::map<std::string, fims::Vector<Type>> &derived_quantities =
      |                                                            ^
  359 |                     this->population_derived_quantities[this->populations[p]->GetId()];
      |                     ~~~~~~~~~~~~~~~~~~~~~~~~~~~~~~~~~~~~~~~~~~~~~~~~~~~~~~~~~~~~~~~~~~
/Users/matthew.supernaw/FIMS-Testing/json_demo_error/new_pull/FIMS/tests/gtest/../../tests/gtest/test_population_test_fixture.hpp:129:25: note: in instantiation of member function 'fims_popdy::CatchAtAge<double>::InitializeCAA' requested here
  129 |     catch_at_age_model->InitializeCAA();
      |                         ^
In file included from /Users/matthew.supernaw/FIMS-Testing/json_demo_error/new_pull/FIMS/tests/gtest/test_population_Index.cpp:3:
In file included from /Users/matthew.supernaw/FIMS-Testing/json_demo_error/new_pull/FIMS/tests/gtest/../../tests/gtest/test_population_test_fixture.hpp:5:
/Users/matthew.supernaw/FIMS-Testing/json_demo_error/new_pull/FIMS/tests/gtest/../../tests/gtest/../../inst/include/models/functors/catch_at_age.hpp:362:27: error: no member named 'population_derived_quantities_dims' in 'fims_popdy::CatchAtAge<double>'
  362 |                     this->population_derived_quantities_dims[this->populations[p]->GetId()];
      |                     ~~~~  ^
/Users/matthew.supernaw/FIMS-Testing/json_demo_error/new_pull/FIMS/tests/gtest/../../tests/gtest/../../inst/include/models/functors/catch_at_age.hpp:452:60: error: non-const lvalue reference to type 'map<std::string, fims::Vector<double>, less<std::string>, allocator<pair<const std::string, fims::Vector<double>>>>' cannot bind to a value of unrelated type 'map<unsigned int, std::map<std::string, fims::Vector<double>>, less<unsigned int>, allocator<pair<const unsigned int, std::map<std::string, fims::Vector<double>>>>>'
  452 |                 std::map<std::string, fims::Vector<Type>> &derived_quantities =
      |                                                            ^
  453 |                     this->fleet_derived_quantities[fleet->GetId()];
      |                     ~~~~~~~~~~~~~~~~~~~~~~~~~~~~~~~~~~~~~~~~~~~~~~
/Users/matthew.supernaw/FIMS-Testing/json_demo_error/new_pull/FIMS/tests/gtest/../../tests/gtest/../../inst/include/models/functors/catch_at_age.hpp:456:31: error: no member named 'fleet_derived_quantities_dims' in 'fims_popdy::CatchAtAge<double>'
  456 |                         this->fleet_derived_quantities_dims[fleet->GetId()];
      |                         ~~~~  ^
In file included from /Users/matthew.supernaw/FIMS-Testing/json_demo_error/new_pull/FIMS/tests/gtest/test_population_Index.cpp:1:
In file included from /Users/matthew.supernaw/FIMS-Testing/json_demo_error/new_pull/FIMS/build/_deps/googletest-src/googletest/include/gtest/gtest.h:55:
In file included from /Applications/Xcode.app/Contents/Developer/Platforms/MacOSX.platform/Developer/SDKs/MacOSX.sdk/usr/include/c++/v1/memory:939:
/Applications/Xcode.app/Contents/Developer/Platforms/MacOSX.platform/Developer/SDKs/MacOSX.sdk/usr/include/c++/v1/__memory/shared_ptr.h:749:19: error: static assertion failed due to requirement 'is_array<std::map<unsigned int, std::map<std::string, fims::Vector<double>, std::less<std::string>, std::allocator<std::pair<const std::string, fims::Vector<double>>>>, std::less<unsigned int>, std::allocator<std::pair<const unsigned int, std::map<std::string, fims::Vector<double>, std::less<std::string>, std::allocator<std::pair<const std::string, fims::Vector<double>>>>>>>>::value': std::shared_ptr<T>::operator[] is only valid when T is an array type.
  749 |     static_assert(is_array<_Tp>::value, "std::shared_ptr<T>::operator[] is only valid when T is an array type.");
      |                   ^~~~~~~~~~~~~~~~~~~~
/Users/matthew.supernaw/FIMS-Testing/json_demo_error/new_pull/FIMS/tests/gtest/../../tests/gtest/../../inst/include/models/functors/catch_at_age.hpp:359:21: note: in instantiation of member function 'std::shared_ptr<std::map<unsigned int, std::map<std::string, fims::Vector<double>>>>::operator[]' requested here
  359 |                     this->population_derived_quantities[this->populations[p]->GetId()];
      |                     ^
/Users/matthew.supernaw/FIMS-Testing/json_demo_error/new_pull/FIMS/tests/gtest/../../tests/gtest/test_population_test_fixture.hpp:129:25: note: in instantiation of member function 'fims_popdy::CatchAtAge<double>::InitializeCAA' requested here
  129 |     catch_at_age_model->InitializeCAA();
      |                         ^
3 warnings and 5 errors generated.
[4/25] Building CXX object tests/gtest/CMakeFiles/population_dynamics_population_initialize_prepare.dir/test_population_dynamics_population_initialize_prepare.cpp.o
FAILED: [code=1] tests/gtest/CMakeFiles/population_dynamics_population_initialize_prepare.dir/test_population_dynamics_population_initialize_prepare.cpp.o 
/usr/bin/c++ -DSTD_LIB -I/Users/matthew.supernaw/FIMS-Testing/json_demo_error/new_pull/FIMS/inst/include -isystem /Users/matthew.supernaw/FIMS-Testing/json_demo_error/new_pull/FIMS/build/_deps/googletest-src/googletest/include -isystem /Users/matthew.supernaw/FIMS-Testing/json_demo_error/new_pull/FIMS/build/_deps/googletest-src/googletest --coverage -std=gnu++17 -arch arm64 -MD -MT tests/gtest/CMakeFiles/population_dynamics_population_initialize_prepare.dir/test_population_dynamics_population_initialize_prepare.cpp.o -MF tests/gtest/CMakeFiles/population_dynamics_population_initialize_prepare.dir/test_population_dynamics_population_initialize_prepare.cpp.o.d -o tests/gtest/CMakeFiles/population_dynamics_population_initialize_prepare.dir/test_population_dynamics_population_initialize_prepare.cpp.o -c /Users/matthew.supernaw/FIMS-Testing/json_demo_error/new_pull/FIMS/tests/gtest/test_population_dynamics_population_initialize_prepare.cpp
In file included from /Users/matthew.supernaw/FIMS-Testing/json_demo_error/new_pull/FIMS/tests/gtest/test_population_dynamics_population_initialize_prepare.cpp:2:
/Users/matthew.supernaw/FIMS-Testing/json_demo_error/new_pull/FIMS/tests/gtest/../../tests/gtest/test_population_test_fixture.hpp:46:16: warning: 'TearDown' overrides a member function but is not marked 'override' [-Winconsistent-missing-override]
   46 |   virtual void TearDown() {}
      |                ^
/Users/matthew.supernaw/FIMS-Testing/json_demo_error/new_pull/FIMS/build/_deps/googletest-src/googletest/include/gtest/gtest.h:315:16: note: overridden virtual function is here
  315 |   virtual void TearDown();
      |                ^
In file included from /Users/matthew.supernaw/FIMS-Testing/json_demo_error/new_pull/FIMS/tests/gtest/test_population_dynamics_population_initialize_prepare.cpp:2:
/Users/matthew.supernaw/FIMS-Testing/json_demo_error/new_pull/FIMS/tests/gtest/../../tests/gtest/test_population_test_fixture.hpp:233:16: warning: 'TearDown' overrides a member function but is not marked 'override' [-Winconsistent-missing-override]
  233 |   virtual void TearDown() {}
      |                ^
/Users/matthew.supernaw/FIMS-Testing/json_demo_error/new_pull/FIMS/build/_deps/googletest-src/googletest/include/gtest/gtest.h:315:16: note: overridden virtual function is here
  315 |   virtual void TearDown();
      |                ^
In file included from /Users/matthew.supernaw/FIMS-Testing/json_demo_error/new_pull/FIMS/tests/gtest/test_population_dynamics_population_initialize_prepare.cpp:2:
/Users/matthew.supernaw/FIMS-Testing/json_demo_error/new_pull/FIMS/tests/gtest/../../tests/gtest/test_population_test_fixture.hpp:357:16: warning: 'TearDown' overrides a member function but is not marked 'override' [-Winconsistent-missing-override]
  357 |   virtual void TearDown() {}
      |                ^
/Users/matthew.supernaw/FIMS-Testing/json_demo_error/new_pull/FIMS/build/_deps/googletest-src/googletest/include/gtest/gtest.h:315:16: note: overridden virtual function is here
  315 |   virtual void TearDown();
      |                ^
In file included from /Users/matthew.supernaw/FIMS-Testing/json_demo_error/new_pull/FIMS/tests/gtest/test_population_dynamics_population_initialize_prepare.cpp:2:
In file included from /Users/matthew.supernaw/FIMS-Testing/json_demo_error/new_pull/FIMS/tests/gtest/../../tests/gtest/test_population_test_fixture.hpp:5:
/Users/matthew.supernaw/FIMS-Testing/json_demo_error/new_pull/FIMS/tests/gtest/../../tests/gtest/../../inst/include/models/functors/catch_at_age.hpp:358:60: error: non-const lvalue reference to type 'map<std::string, fims::Vector<double>, less<std::string>, allocator<pair<const std::string, fims::Vector<double>>>>' cannot bind to a value of unrelated type 'map<unsigned int, std::map<std::string, fims::Vector<double>>, less<unsigned int>, allocator<pair<const unsigned int, std::map<std::string, fims::Vector<double>>>>>'
  358 |                 std::map<std::string, fims::Vector<Type>> &derived_quantities =
      |                                                            ^
  359 |                     this->population_derived_quantities[this->populations[p]->GetId()];
      |                     ~~~~~~~~~~~~~~~~~~~~~~~~~~~~~~~~~~~~~~~~~~~~~~~~~~~~~~~~~~~~~~~~~~
/Users/matthew.supernaw/FIMS-Testing/json_demo_error/new_pull/FIMS/tests/gtest/../../tests/gtest/test_population_test_fixture.hpp:129:25: note: in instantiation of member function 'fims_popdy::CatchAtAge<double>::InitializeCAA' requested here
  129 |     catch_at_age_model->InitializeCAA();
      |                         ^
In file included from /Users/matthew.supernaw/FIMS-Testing/json_demo_error/new_pull/FIMS/tests/gtest/test_population_dynamics_population_initialize_prepare.cpp:2:
In file included from /Users/matthew.supernaw/FIMS-Testing/json_demo_error/new_pull/FIMS/tests/gtest/../../tests/gtest/test_population_test_fixture.hpp:5:
/Users/matthew.supernaw/FIMS-Testing/json_demo_error/new_pull/FIMS/tests/gtest/../../tests/gtest/../../inst/include/models/functors/catch_at_age.hpp:362:27: error: no member named 'population_derived_quantities_dims' in 'fims_popdy::CatchAtAge<double>'
  362 |                     this->population_derived_quantities_dims[this->populations[p]->GetId()];
      |                     ~~~~  ^
/Users/matthew.supernaw/FIMS-Testing/json_demo_error/new_pull/FIMS/tests/gtest/../../tests/gtest/../../inst/include/models/functors/catch_at_age.hpp:452:60: error: non-const lvalue reference to type 'map<std::string, fims::Vector<double>, less<std::string>, allocator<pair<const std::string, fims::Vector<double>>>>' cannot bind to a value of unrelated type 'map<unsigned int, std::map<std::string, fims::Vector<double>>, less<unsigned int>, allocator<pair<const unsigned int, std::map<std::string, fims::Vector<double>>>>>'
  452 |                 std::map<std::string, fims::Vector<Type>> &derived_quantities =
      |                                                            ^
  453 |                     this->fleet_derived_quantities[fleet->GetId()];
      |                     ~~~~~~~~~~~~~~~~~~~~~~~~~~~~~~~~~~~~~~~~~~~~~~
/Users/matthew.supernaw/FIMS-Testing/json_demo_error/new_pull/FIMS/tests/gtest/../../tests/gtest/../../inst/include/models/functors/catch_at_age.hpp:456:31: error: no member named 'fleet_derived_quantities_dims' in 'fims_popdy::CatchAtAge<double>'
  456 |                         this->fleet_derived_quantities_dims[fleet->GetId()];
      |                         ~~~~  ^
In file included from /Users/matthew.supernaw/FIMS-Testing/json_demo_error/new_pull/FIMS/tests/gtest/test_population_dynamics_population_initialize_prepare.cpp:1:
In file included from /Users/matthew.supernaw/FIMS-Testing/json_demo_error/new_pull/FIMS/build/_deps/googletest-src/googletest/include/gtest/gtest.h:55:
In file included from /Applications/Xcode.app/Contents/Developer/Platforms/MacOSX.platform/Developer/SDKs/MacOSX.sdk/usr/include/c++/v1/memory:939:
/Applications/Xcode.app/Contents/Developer/Platforms/MacOSX.platform/Developer/SDKs/MacOSX.sdk/usr/include/c++/v1/__memory/shared_ptr.h:749:19: error: static assertion failed due to requirement 'is_array<std::map<unsigned int, std::map<std::string, fims::Vector<double>, std::less<std::string>, std::allocator<std::pair<const std::string, fims::Vector<double>>>>, std::less<unsigned int>, std::allocator<std::pair<const unsigned int, std::map<std::string, fims::Vector<double>, std::less<std::string>, std::allocator<std::pair<const std::string, fims::Vector<double>>>>>>>>::value': std::shared_ptr<T>::operator[] is only valid when T is an array type.
  749 |     static_assert(is_array<_Tp>::value, "std::shared_ptr<T>::operator[] is only valid when T is an array type.");
      |                   ^~~~~~~~~~~~~~~~~~~~
/Users/matthew.supernaw/FIMS-Testing/json_demo_error/new_pull/FIMS/tests/gtest/../../tests/gtest/../../inst/include/models/functors/catch_at_age.hpp:359:21: note: in instantiation of member function 'std::shared_ptr<std::map<unsigned int, std::map<std::string, fims::Vector<double>>>>::operator[]' requested here
  359 |                     this->population_derived_quantities[this->populations[p]->GetId()];
      |                     ^
/Users/matthew.supernaw/FIMS-Testing/json_demo_error/new_pull/FIMS/tests/gtest/../../tests/gtest/test_population_test_fixture.hpp:129:25: note: in instantiation of member function 'fims_popdy::CatchAtAge<double>::InitializeCAA' requested here
  129 |     catch_at_age_model->InitializeCAA();
      |                         ^
3 warnings and 5 errors generated.
[5/25] Building CXX object tests/gtest/CMakeFiles/population_dynamics_fleet_initialize_prepare.dir/test_population_dynamics_fleet_initialize_prepare.cpp.o
FAILED: [code=1] tests/gtest/CMakeFiles/population_dynamics_fleet_initialize_prepare.dir/test_population_dynamics_fleet_initialize_prepare.cpp.o 
/usr/bin/c++ -DSTD_LIB -I/Users/matthew.supernaw/FIMS-Testing/json_demo_error/new_pull/FIMS/inst/include -isystem /Users/matthew.supernaw/FIMS-Testing/json_demo_error/new_pull/FIMS/build/_deps/googletest-src/googletest/include -isystem /Users/matthew.supernaw/FIMS-Testing/json_demo_error/new_pull/FIMS/build/_deps/googletest-src/googletest --coverage -std=gnu++17 -arch arm64 -MD -MT tests/gtest/CMakeFiles/population_dynamics_fleet_initialize_prepare.dir/test_population_dynamics_fleet_initialize_prepare.cpp.o -MF tests/gtest/CMakeFiles/population_dynamics_fleet_initialize_prepare.dir/test_population_dynamics_fleet_initialize_prepare.cpp.o.d -o tests/gtest/CMakeFiles/population_dynamics_fleet_initialize_prepare.dir/test_population_dynamics_fleet_initialize_prepare.cpp.o -c /Users/matthew.supernaw/FIMS-Testing/json_demo_error/new_pull/FIMS/tests/gtest/test_population_dynamics_fleet_initialize_prepare.cpp
In file included from /Users/matthew.supernaw/FIMS-Testing/json_demo_error/new_pull/FIMS/tests/gtest/test_population_dynamics_fleet_initialize_prepare.cpp:3:
/Users/matthew.supernaw/FIMS-Testing/json_demo_error/new_pull/FIMS/tests/gtest/../../tests/gtest/test_population_test_fixture.hpp:46:16: warning: 'TearDown' overrides a member function but is not marked 'override' [-Winconsistent-missing-override]
   46 |   virtual void TearDown() {}
      |                ^
/Users/matthew.supernaw/FIMS-Testing/json_demo_error/new_pull/FIMS/build/_deps/googletest-src/googletest/include/gtest/gtest.h:315:16: note: overridden virtual function is here
  315 |   virtual void TearDown();
      |                ^
In file included from /Users/matthew.supernaw/FIMS-Testing/json_demo_error/new_pull/FIMS/tests/gtest/test_population_dynamics_fleet_initialize_prepare.cpp:3:
/Users/matthew.supernaw/FIMS-Testing/json_demo_error/new_pull/FIMS/tests/gtest/../../tests/gtest/test_population_test_fixture.hpp:233:16: warning: 'TearDown' overrides a member function but is not marked 'override' [-Winconsistent-missing-override]
  233 |   virtual void TearDown() {}
      |                ^
/Users/matthew.supernaw/FIMS-Testing/json_demo_error/new_pull/FIMS/build/_deps/googletest-src/googletest/include/gtest/gtest.h:315:16: note: overridden virtual function is here
  315 |   virtual void TearDown();
      |                ^
In file included from /Users/matthew.supernaw/FIMS-Testing/json_demo_error/new_pull/FIMS/tests/gtest/test_population_dynamics_fleet_initialize_prepare.cpp:3:
/Users/matthew.supernaw/FIMS-Testing/json_demo_error/new_pull/FIMS/tests/gtest/../../tests/gtest/test_population_test_fixture.hpp:357:16: warning: 'TearDown' overrides a member function but is not marked 'override' [-Winconsistent-missing-override]
  357 |   virtual void TearDown() {}
      |                ^
/Users/matthew.supernaw/FIMS-Testing/json_demo_error/new_pull/FIMS/build/_deps/googletest-src/googletest/include/gtest/gtest.h:315:16: note: overridden virtual function is here
  315 |   virtual void TearDown();
      |                ^
In file included from /Users/matthew.supernaw/FIMS-Testing/json_demo_error/new_pull/FIMS/tests/gtest/test_population_dynamics_fleet_initialize_prepare.cpp:3:
In file included from /Users/matthew.supernaw/FIMS-Testing/json_demo_error/new_pull/FIMS/tests/gtest/../../tests/gtest/test_population_test_fixture.hpp:5:
/Users/matthew.supernaw/FIMS-Testing/json_demo_error/new_pull/FIMS/tests/gtest/../../tests/gtest/../../inst/include/models/functors/catch_at_age.hpp:358:60: error: non-const lvalue reference to type 'map<std::string, fims::Vector<double>, less<std::string>, allocator<pair<const std::string, fims::Vector<double>>>>' cannot bind to a value of unrelated type 'map<unsigned int, std::map<std::string, fims::Vector<double>>, less<unsigned int>, allocator<pair<const unsigned int, std::map<std::string, fims::Vector<double>>>>>'
  358 |                 std::map<std::string, fims::Vector<Type>> &derived_quantities =
      |                                                            ^
  359 |                     this->population_derived_quantities[this->populations[p]->GetId()];
      |                     ~~~~~~~~~~~~~~~~~~~~~~~~~~~~~~~~~~~~~~~~~~~~~~~~~~~~~~~~~~~~~~~~~~
/Users/matthew.supernaw/FIMS-Testing/json_demo_error/new_pull/FIMS/tests/gtest/../../tests/gtest/test_population_test_fixture.hpp:129:25: note: in instantiation of member function 'fims_popdy::CatchAtAge<double>::InitializeCAA' requested here
  129 |     catch_at_age_model->InitializeCAA();
      |                         ^
In file included from /Users/matthew.supernaw/FIMS-Testing/json_demo_error/new_pull/FIMS/tests/gtest/test_population_dynamics_fleet_initialize_prepare.cpp:3:
In file included from /Users/matthew.supernaw/FIMS-Testing/json_demo_error/new_pull/FIMS/tests/gtest/../../tests/gtest/test_population_test_fixture.hpp:5:
/Users/matthew.supernaw/FIMS-Testing/json_demo_error/new_pull/FIMS/tests/gtest/../../tests/gtest/../../inst/include/models/functors/catch_at_age.hpp:362:27: error: no member named 'population_derived_quantities_dims' in 'fims_popdy::CatchAtAge<double>'
  362 |                     this->population_derived_quantities_dims[this->populations[p]->GetId()];
      |                     ~~~~  ^
/Users/matthew.supernaw/FIMS-Testing/json_demo_error/new_pull/FIMS/tests/gtest/../../tests/gtest/../../inst/include/models/functors/catch_at_age.hpp:452:60: error: non-const lvalue reference to type 'map<std::string, fims::Vector<double>, less<std::string>, allocator<pair<const std::string, fims::Vector<double>>>>' cannot bind to a value of unrelated type 'map<unsigned int, std::map<std::string, fims::Vector<double>>, less<unsigned int>, allocator<pair<const unsigned int, std::map<std::string, fims::Vector<double>>>>>'
  452 |                 std::map<std::string, fims::Vector<Type>> &derived_quantities =
      |                                                            ^
  453 |                     this->fleet_derived_quantities[fleet->GetId()];
      |                     ~~~~~~~~~~~~~~~~~~~~~~~~~~~~~~~~~~~~~~~~~~~~~~
/Users/matthew.supernaw/FIMS-Testing/json_demo_error/new_pull/FIMS/tests/gtest/../../tests/gtest/../../inst/include/models/functors/catch_at_age.hpp:456:31: error: no member named 'fleet_derived_quantities_dims' in 'fims_popdy::CatchAtAge<double>'
  456 |                         this->fleet_derived_quantities_dims[fleet->GetId()];
      |                         ~~~~  ^
In file included from /Users/matthew.supernaw/FIMS-Testing/json_demo_error/new_pull/FIMS/tests/gtest/test_population_dynamics_fleet_initialize_prepare.cpp:1:
In file included from /Users/matthew.supernaw/FIMS-Testing/json_demo_error/new_pull/FIMS/build/_deps/googletest-src/googletest/include/gtest/gtest.h:55:
In file included from /Applications/Xcode.app/Contents/Developer/Platforms/MacOSX.platform/Developer/SDKs/MacOSX.sdk/usr/include/c++/v1/memory:939:
/Applications/Xcode.app/Contents/Developer/Platforms/MacOSX.platform/Developer/SDKs/MacOSX.sdk/usr/include/c++/v1/__memory/shared_ptr.h:749:19: error: static assertion failed due to requirement 'is_array<std::map<unsigned int, std::map<std::string, fims::Vector<double>, std::less<std::string>, std::allocator<std::pair<const std::string, fims::Vector<double>>>>, std::less<unsigned int>, std::allocator<std::pair<const unsigned int, std::map<std::string, fims::Vector<double>, std::less<std::string>, std::allocator<std::pair<const std::string, fims::Vector<double>>>>>>>>::value': std::shared_ptr<T>::operator[] is only valid when T is an array type.
  749 |     static_assert(is_array<_Tp>::value, "std::shared_ptr<T>::operator[] is only valid when T is an array type.");
      |                   ^~~~~~~~~~~~~~~~~~~~
/Users/matthew.supernaw/FIMS-Testing/json_demo_error/new_pull/FIMS/tests/gtest/../../tests/gtest/../../inst/include/models/functors/catch_at_age.hpp:359:21: note: in instantiation of member function 'std::shared_ptr<std::map<unsigned int, std::map<std::string, fims::Vector<double>>>>::operator[]' requested here
  359 |                     this->population_derived_quantities[this->populations[p]->GetId()];
      |                     ^
/Users/matthew.supernaw/FIMS-Testing/json_demo_error/new_pull/FIMS/tests/gtest/../../tests/gtest/test_population_test_fixture.hpp:129:25: note: in instantiation of member function 'fims_popdy::CatchAtAge<double>::InitializeCAA' requested here
  129 |     catch_at_age_model->InitializeCAA();
      |                         ^
3 warnings and 5 errors generated.
[6/25] Building CXX object tests/gtest/CMakeFiles/population_CatchNumbersAtAge.dir/test_population_CatchNumbersAtAge.cpp.o
FAILED: [code=1] tests/gtest/CMakeFiles/population_CatchNumbersAtAge.dir/test_population_CatchNumbersAtAge.cpp.o 
/usr/bin/c++ -DSTD_LIB -I/Users/matthew.supernaw/FIMS-Testing/json_demo_error/new_pull/FIMS/inst/include -isystem /Users/matthew.supernaw/FIMS-Testing/json_demo_error/new_pull/FIMS/build/_deps/googletest-src/googletest/include -isystem /Users/matthew.supernaw/FIMS-Testing/json_demo_error/new_pull/FIMS/build/_deps/googletest-src/googletest --coverage -std=gnu++17 -arch arm64 -MD -MT tests/gtest/CMakeFiles/population_CatchNumbersAtAge.dir/test_population_CatchNumbersAtAge.cpp.o -MF tests/gtest/CMakeFiles/population_CatchNumbersAtAge.dir/test_population_CatchNumbersAtAge.cpp.o.d -o tests/gtest/CMakeFiles/population_CatchNumbersAtAge.dir/test_population_CatchNumbersAtAge.cpp.o -c /Users/matthew.supernaw/FIMS-Testing/json_demo_error/new_pull/FIMS/tests/gtest/test_population_CatchNumbersAtAge.cpp
In file included from /Users/matthew.supernaw/FIMS-Testing/json_demo_error/new_pull/FIMS/tests/gtest/test_population_CatchNumbersAtAge.cpp:3:
/Users/matthew.supernaw/FIMS-Testing/json_demo_error/new_pull/FIMS/tests/gtest/../../tests/gtest/test_population_test_fixture.hpp:46:16: warning: 'TearDown' overrides a member function but is not marked 'override' [-Winconsistent-missing-override]
   46 |   virtual void TearDown() {}
      |                ^
/Users/matthew.supernaw/FIMS-Testing/json_demo_error/new_pull/FIMS/build/_deps/googletest-src/googletest/include/gtest/gtest.h:315:16: note: overridden virtual function is here
  315 |   virtual void TearDown();
      |                ^
In file included from /Users/matthew.supernaw/FIMS-Testing/json_demo_error/new_pull/FIMS/tests/gtest/test_population_CatchNumbersAtAge.cpp:3:
/Users/matthew.supernaw/FIMS-Testing/json_demo_error/new_pull/FIMS/tests/gtest/../../tests/gtest/test_population_test_fixture.hpp:233:16: warning: 'TearDown' overrides a member function but is not marked 'override' [-Winconsistent-missing-override]
  233 |   virtual void TearDown() {}
      |                ^
/Users/matthew.supernaw/FIMS-Testing/json_demo_error/new_pull/FIMS/build/_deps/googletest-src/googletest/include/gtest/gtest.h:315:16: note: overridden virtual function is here
  315 |   virtual void TearDown();
      |                ^
In file included from /Users/matthew.supernaw/FIMS-Testing/json_demo_error/new_pull/FIMS/tests/gtest/test_population_CatchNumbersAtAge.cpp:3:
/Users/matthew.supernaw/FIMS-Testing/json_demo_error/new_pull/FIMS/tests/gtest/../../tests/gtest/test_population_test_fixture.hpp:357:16: warning: 'TearDown' overrides a member function but is not marked 'override' [-Winconsistent-missing-override]
  357 |   virtual void TearDown() {}
      |                ^
/Users/matthew.supernaw/FIMS-Testing/json_demo_error/new_pull/FIMS/build/_deps/googletest-src/googletest/include/gtest/gtest.h:315:16: note: overridden virtual function is here
  315 |   virtual void TearDown();
      |                ^
In file included from /Users/matthew.supernaw/FIMS-Testing/json_demo_error/new_pull/FIMS/tests/gtest/test_population_CatchNumbersAtAge.cpp:3:
In file included from /Users/matthew.supernaw/FIMS-Testing/json_demo_error/new_pull/FIMS/tests/gtest/../../tests/gtest/test_population_test_fixture.hpp:5:
/Users/matthew.supernaw/FIMS-Testing/json_demo_error/new_pull/FIMS/tests/gtest/../../tests/gtest/../../inst/include/models/functors/catch_at_age.hpp:358:60: error: non-const lvalue reference to type 'map<std::string, fims::Vector<double>, less<std::string>, allocator<pair<const std::string, fims::Vector<double>>>>' cannot bind to a value of unrelated type 'map<unsigned int, std::map<std::string, fims::Vector<double>>, less<unsigned int>, allocator<pair<const unsigned int, std::map<std::string, fims::Vector<double>>>>>'
  358 |                 std::map<std::string, fims::Vector<Type>> &derived_quantities =
      |                                                            ^
  359 |                     this->population_derived_quantities[this->populations[p]->GetId()];
      |                     ~~~~~~~~~~~~~~~~~~~~~~~~~~~~~~~~~~~~~~~~~~~~~~~~~~~~~~~~~~~~~~~~~~
/Users/matthew.supernaw/FIMS-Testing/json_demo_error/new_pull/FIMS/tests/gtest/../../tests/gtest/test_population_test_fixture.hpp:129:25: note: in instantiation of member function 'fims_popdy::CatchAtAge<double>::InitializeCAA' requested here
  129 |     catch_at_age_model->InitializeCAA();
      |                         ^
In file included from /Users/matthew.supernaw/FIMS-Testing/json_demo_error/new_pull/FIMS/tests/gtest/test_population_CatchNumbersAtAge.cpp:3:
In file included from /Users/matthew.supernaw/FIMS-Testing/json_demo_error/new_pull/FIMS/tests/gtest/../../tests/gtest/test_population_test_fixture.hpp:5:
/Users/matthew.supernaw/FIMS-Testing/json_demo_error/new_pull/FIMS/tests/gtest/../../tests/gtest/../../inst/include/models/functors/catch_at_age.hpp:362:27: error: no member named 'population_derived_quantities_dims' in 'fims_popdy::CatchAtAge<double>'
  362 |                     this->population_derived_quantities_dims[this->populations[p]->GetId()];
      |                     ~~~~  ^
/Users/matthew.supernaw/FIMS-Testing/json_demo_error/new_pull/FIMS/tests/gtest/../../tests/gtest/../../inst/include/models/functors/catch_at_age.hpp:452:60: error: non-const lvalue reference to type 'map<std::string, fims::Vector<double>, less<std::string>, allocator<pair<const std::string, fims::Vector<double>>>>' cannot bind to a value of unrelated type 'map<unsigned int, std::map<std::string, fims::Vector<double>>, less<unsigned int>, allocator<pair<const unsigned int, std::map<std::string, fims::Vector<double>>>>>'
  452 |                 std::map<std::string, fims::Vector<Type>> &derived_quantities =
      |                                                            ^
  453 |                     this->fleet_derived_quantities[fleet->GetId()];
      |                     ~~~~~~~~~~~~~~~~~~~~~~~~~~~~~~~~~~~~~~~~~~~~~~
/Users/matthew.supernaw/FIMS-Testing/json_demo_error/new_pull/FIMS/tests/gtest/../../tests/gtest/../../inst/include/models/functors/catch_at_age.hpp:456:31: error: no member named 'fleet_derived_quantities_dims' in 'fims_popdy::CatchAtAge<double>'
  456 |                         this->fleet_derived_quantities_dims[fleet->GetId()];
      |                         ~~~~  ^
In file included from /Users/matthew.supernaw/FIMS-Testing/json_demo_error/new_pull/FIMS/tests/gtest/test_population_CatchNumbersAtAge.cpp:1:
In file included from /Users/matthew.supernaw/FIMS-Testing/json_demo_error/new_pull/FIMS/build/_deps/googletest-src/googletest/include/gtest/gtest.h:55:
In file included from /Applications/Xcode.app/Contents/Developer/Platforms/MacOSX.platform/Developer/SDKs/MacOSX.sdk/usr/include/c++/v1/memory:939:
/Applications/Xcode.app/Contents/Developer/Platforms/MacOSX.platform/Developer/SDKs/MacOSX.sdk/usr/include/c++/v1/__memory/shared_ptr.h:749:19: error: static assertion failed due to requirement 'is_array<std::map<unsigned int, std::map<std::string, fims::Vector<double>, std::less<std::string>, std::allocator<std::pair<const std::string, fims::Vector<double>>>>, std::less<unsigned int>, std::allocator<std::pair<const unsigned int, std::map<std::string, fims::Vector<double>, std::less<std::string>, std::allocator<std::pair<const std::string, fims::Vector<double>>>>>>>>::value': std::shared_ptr<T>::operator[] is only valid when T is an array type.
  749 |     static_assert(is_array<_Tp>::value, "std::shared_ptr<T>::operator[] is only valid when T is an array type.");
      |                   ^~~~~~~~~~~~~~~~~~~~
/Users/matthew.supernaw/FIMS-Testing/json_demo_error/new_pull/FIMS/tests/gtest/../../tests/gtest/../../inst/include/models/functors/catch_at_age.hpp:359:21: note: in instantiation of member function 'std::shared_ptr<std::map<unsigned int, std::map<std::string, fims::Vector<double>>>>::operator[]' requested here
  359 |                     this->population_derived_quantities[this->populations[p]->GetId()];
      |                     ^
/Users/matthew.supernaw/FIMS-Testing/json_demo_error/new_pull/FIMS/tests/gtest/../../tests/gtest/test_population_test_fixture.hpp:129:25: note: in instantiation of member function 'fims_popdy::CatchAtAge<double>::InitializeCAA' requested here
  129 |     catch_at_age_model->InitializeCAA();
      |                         ^
3 warnings and 5 errors generated.
[7/25] Building CXX object tests/gtest/CMakeFiles/population_Catch.dir/test_population_Catch.cpp.o
FAILED: [code=1] tests/gtest/CMakeFiles/population_Catch.dir/test_population_Catch.cpp.o 
/usr/bin/c++ -DSTD_LIB -I/Users/matthew.supernaw/FIMS-Testing/json_demo_error/new_pull/FIMS/inst/include -isystem /Users/matthew.supernaw/FIMS-Testing/json_demo_error/new_pull/FIMS/build/_deps/googletest-src/googletest/include -isystem /Users/matthew.supernaw/FIMS-Testing/json_demo_error/new_pull/FIMS/build/_deps/googletest-src/googletest --coverage -std=gnu++17 -arch arm64 -MD -MT tests/gtest/CMakeFiles/population_Catch.dir/test_population_Catch.cpp.o -MF tests/gtest/CMakeFiles/population_Catch.dir/test_population_Catch.cpp.o.d -o tests/gtest/CMakeFiles/population_Catch.dir/test_population_Catch.cpp.o -c /Users/matthew.supernaw/FIMS-Testing/json_demo_error/new_pull/FIMS/tests/gtest/test_population_Catch.cpp
In file included from /Users/matthew.supernaw/FIMS-Testing/json_demo_error/new_pull/FIMS/tests/gtest/test_population_Catch.cpp:3:
/Users/matthew.supernaw/FIMS-Testing/json_demo_error/new_pull/FIMS/tests/gtest/../../tests/gtest/test_population_test_fixture.hpp:46:16: warning: 'TearDown' overrides a member function but is not marked 'override' [-Winconsistent-missing-override]
   46 |   virtual void TearDown() {}
      |                ^
/Users/matthew.supernaw/FIMS-Testing/json_demo_error/new_pull/FIMS/build/_deps/googletest-src/googletest/include/gtest/gtest.h:315:16: note: overridden virtual function is here
  315 |   virtual void TearDown();
      |                ^
In file included from /Users/matthew.supernaw/FIMS-Testing/json_demo_error/new_pull/FIMS/tests/gtest/test_population_Catch.cpp:3:
/Users/matthew.supernaw/FIMS-Testing/json_demo_error/new_pull/FIMS/tests/gtest/../../tests/gtest/test_population_test_fixture.hpp:233:16: warning: 'TearDown' overrides a member function but is not marked 'override' [-Winconsistent-missing-override]
  233 |   virtual void TearDown() {}
      |                ^
/Users/matthew.supernaw/FIMS-Testing/json_demo_error/new_pull/FIMS/build/_deps/googletest-src/googletest/include/gtest/gtest.h:315:16: note: overridden virtual function is here
  315 |   virtual void TearDown();
      |                ^
In file included from /Users/matthew.supernaw/FIMS-Testing/json_demo_error/new_pull/FIMS/tests/gtest/test_population_Catch.cpp:3:
/Users/matthew.supernaw/FIMS-Testing/json_demo_error/new_pull/FIMS/tests/gtest/../../tests/gtest/test_population_test_fixture.hpp:357:16: warning: 'TearDown' overrides a member function but is not marked 'override' [-Winconsistent-missing-override]
  357 |   virtual void TearDown() {}
      |                ^
/Users/matthew.supernaw/FIMS-Testing/json_demo_error/new_pull/FIMS/build/_deps/googletest-src/googletest/include/gtest/gtest.h:315:16: note: overridden virtual function is here
  315 |   virtual void TearDown();
      |                ^
In file included from /Users/matthew.supernaw/FIMS-Testing/json_demo_error/new_pull/FIMS/tests/gtest/test_population_Catch.cpp:3:
In file included from /Users/matthew.supernaw/FIMS-Testing/json_demo_error/new_pull/FIMS/tests/gtest/../../tests/gtest/test_population_test_fixture.hpp:5:
/Users/matthew.supernaw/FIMS-Testing/json_demo_error/new_pull/FIMS/tests/gtest/../../tests/gtest/../../inst/include/models/functors/catch_at_age.hpp:358:60: error: non-const lvalue reference to type 'map<std::string, fims::Vector<double>, less<std::string>, allocator<pair<const std::string, fims::Vector<double>>>>' cannot bind to a value of unrelated type 'map<unsigned int, std::map<std::string, fims::Vector<double>>, less<unsigned int>, allocator<pair<const unsigned int, std::map<std::string, fims::Vector<double>>>>>'
  358 |                 std::map<std::string, fims::Vector<Type>> &derived_quantities =
      |                                                            ^
  359 |                     this->population_derived_quantities[this->populations[p]->GetId()];
      |                     ~~~~~~~~~~~~~~~~~~~~~~~~~~~~~~~~~~~~~~~~~~~~~~~~~~~~~~~~~~~~~~~~~~
/Users/matthew.supernaw/FIMS-Testing/json_demo_error/new_pull/FIMS/tests/gtest/../../tests/gtest/test_population_test_fixture.hpp:129:25: note: in instantiation of member function 'fims_popdy::CatchAtAge<double>::InitializeCAA' requested here
  129 |     catch_at_age_model->InitializeCAA();
      |                         ^
In file included from /Users/matthew.supernaw/FIMS-Testing/json_demo_error/new_pull/FIMS/tests/gtest/test_population_Catch.cpp:3:
In file included from /Users/matthew.supernaw/FIMS-Testing/json_demo_error/new_pull/FIMS/tests/gtest/../../tests/gtest/test_population_test_fixture.hpp:5:
/Users/matthew.supernaw/FIMS-Testing/json_demo_error/new_pull/FIMS/tests/gtest/../../tests/gtest/../../inst/include/models/functors/catch_at_age.hpp:362:27: error: no member named 'population_derived_quantities_dims' in 'fims_popdy::CatchAtAge<double>'
  362 |                     this->population_derived_quantities_dims[this->populations[p]->GetId()];
      |                     ~~~~  ^
/Users/matthew.supernaw/FIMS-Testing/json_demo_error/new_pull/FIMS/tests/gtest/../../tests/gtest/../../inst/include/models/functors/catch_at_age.hpp:452:60: error: non-const lvalue reference to type 'map<std::string, fims::Vector<double>, less<std::string>, allocator<pair<const std::string, fims::Vector<double>>>>' cannot bind to a value of unrelated type 'map<unsigned int, std::map<std::string, fims::Vector<double>>, less<unsigned int>, allocator<pair<const unsigned int, std::map<std::string, fims::Vector<double>>>>>'
  452 |                 std::map<std::string, fims::Vector<Type>> &derived_quantities =
      |                                                            ^
  453 |                     this->fleet_derived_quantities[fleet->GetId()];
      |                     ~~~~~~~~~~~~~~~~~~~~~~~~~~~~~~~~~~~~~~~~~~~~~~
/Users/matthew.supernaw/FIMS-Testing/json_demo_error/new_pull/FIMS/tests/gtest/../../tests/gtest/../../inst/include/models/functors/catch_at_age.hpp:456:31: error: no member named 'fleet_derived_quantities_dims' in 'fims_popdy::CatchAtAge<double>'
  456 |                         this->fleet_derived_quantities_dims[fleet->GetId()];
      |                         ~~~~  ^
In file included from /Users/matthew.supernaw/FIMS-Testing/json_demo_error/new_pull/FIMS/tests/gtest/test_population_Catch.cpp:1:
In file included from /Users/matthew.supernaw/FIMS-Testing/json_demo_error/new_pull/FIMS/build/_deps/googletest-src/googletest/include/gtest/gtest.h:55:
In file included from /Applications/Xcode.app/Contents/Developer/Platforms/MacOSX.platform/Developer/SDKs/MacOSX.sdk/usr/include/c++/v1/memory:939:
/Applications/Xcode.app/Contents/Developer/Platforms/MacOSX.platform/Developer/SDKs/MacOSX.sdk/usr/include/c++/v1/__memory/shared_ptr.h:749:19: error: static assertion failed due to requirement 'is_array<std::map<unsigned int, std::map<std::string, fims::Vector<double>, std::less<std::string>, std::allocator<std::pair<const std::string, fims::Vector<double>>>>, std::less<unsigned int>, std::allocator<std::pair<const unsigned int, std::map<std::string, fims::Vector<double>, std::less<std::string>, std::allocator<std::pair<const std::string, fims::Vector<double>>>>>>>>::value': std::shared_ptr<T>::operator[] is only valid when T is an array type.
  749 |     static_assert(is_array<_Tp>::value, "std::shared_ptr<T>::operator[] is only valid when T is an array type.");
      |                   ^~~~~~~~~~~~~~~~~~~~
/Users/matthew.supernaw/FIMS-Testing/json_demo_error/new_pull/FIMS/tests/gtest/../../tests/gtest/../../inst/include/models/functors/catch_at_age.hpp:359:21: note: in instantiation of member function 'std::shared_ptr<std::map<unsigned int, std::map<std::string, fims::Vector<double>>>>::operator[]' requested here
  359 |                     this->population_derived_quantities[this->populations[p]->GetId()];
      |                     ^
/Users/matthew.supernaw/FIMS-Testing/json_demo_error/new_pull/FIMS/tests/gtest/../../tests/gtest/test_population_test_fixture.hpp:129:25: note: in instantiation of member function 'fims_popdy::CatchAtAge<double>::InitializeCAA' requested here
  129 |     catch_at_age_model->InitializeCAA();
      |                         ^
3 warnings and 5 errors generated.
[8/25] Building CXX object tests/gtest/CMakeFiles/population_Recruitment.dir/test_population_Recruitment.cpp.o
FAILED: [code=1] tests/gtest/CMakeFiles/population_Recruitment.dir/test_population_Recruitment.cpp.o 
/usr/bin/c++ -DSTD_LIB -I/Users/matthew.supernaw/FIMS-Testing/json_demo_error/new_pull/FIMS/inst/include -isystem /Users/matthew.supernaw/FIMS-Testing/json_demo_error/new_pull/FIMS/build/_deps/googletest-src/googletest/include -isystem /Users/matthew.supernaw/FIMS-Testing/json_demo_error/new_pull/FIMS/build/_deps/googletest-src/googletest --coverage -std=gnu++17 -arch arm64 -MD -MT tests/gtest/CMakeFiles/population_Recruitment.dir/test_population_Recruitment.cpp.o -MF tests/gtest/CMakeFiles/population_Recruitment.dir/test_population_Recruitment.cpp.o.d -o tests/gtest/CMakeFiles/population_Recruitment.dir/test_population_Recruitment.cpp.o -c /Users/matthew.supernaw/FIMS-Testing/json_demo_error/new_pull/FIMS/tests/gtest/test_population_Recruitment.cpp
In file included from /Users/matthew.supernaw/FIMS-Testing/json_demo_error/new_pull/FIMS/tests/gtest/test_population_Recruitment.cpp:3:
/Users/matthew.supernaw/FIMS-Testing/json_demo_error/new_pull/FIMS/tests/gtest/../../tests/gtest/test_population_test_fixture.hpp:46:16: warning: 'TearDown' overrides a member function but is not marked 'override' [-Winconsistent-missing-override]
   46 |   virtual void TearDown() {}
      |                ^
/Users/matthew.supernaw/FIMS-Testing/json_demo_error/new_pull/FIMS/build/_deps/googletest-src/googletest/include/gtest/gtest.h:315:16: note: overridden virtual function is here
  315 |   virtual void TearDown();
      |                ^
In file included from /Users/matthew.supernaw/FIMS-Testing/json_demo_error/new_pull/FIMS/tests/gtest/test_population_Recruitment.cpp:3:
/Users/matthew.supernaw/FIMS-Testing/json_demo_error/new_pull/FIMS/tests/gtest/../../tests/gtest/test_population_test_fixture.hpp:233:16: warning: 'TearDown' overrides a member function but is not marked 'override' [-Winconsistent-missing-override]
  233 |   virtual void TearDown() {}
      |                ^
/Users/matthew.supernaw/FIMS-Testing/json_demo_error/new_pull/FIMS/build/_deps/googletest-src/googletest/include/gtest/gtest.h:315:16: note: overridden virtual function is here
  315 |   virtual void TearDown();
      |                ^
In file included from /Users/matthew.supernaw/FIMS-Testing/json_demo_error/new_pull/FIMS/tests/gtest/test_population_Recruitment.cpp:3:
/Users/matthew.supernaw/FIMS-Testing/json_demo_error/new_pull/FIMS/tests/gtest/../../tests/gtest/test_population_test_fixture.hpp:357:16: warning: 'TearDown' overrides a member function but is not marked 'override' [-Winconsistent-missing-override]
  357 |   virtual void TearDown() {}
      |                ^
/Users/matthew.supernaw/FIMS-Testing/json_demo_error/new_pull/FIMS/build/_deps/googletest-src/googletest/include/gtest/gtest.h:315:16: note: overridden virtual function is here
  315 |   virtual void TearDown();
      |                ^
In file included from /Users/matthew.supernaw/FIMS-Testing/json_demo_error/new_pull/FIMS/tests/gtest/test_population_Recruitment.cpp:3:
In file included from /Users/matthew.supernaw/FIMS-Testing/json_demo_error/new_pull/FIMS/tests/gtest/../../tests/gtest/test_population_test_fixture.hpp:5:
/Users/matthew.supernaw/FIMS-Testing/json_demo_error/new_pull/FIMS/tests/gtest/../../tests/gtest/../../inst/include/models/functors/catch_at_age.hpp:358:60: error: non-const lvalue reference to type 'map<std::string, fims::Vector<double>, less<std::string>, allocator<pair<const std::string, fims::Vector<double>>>>' cannot bind to a value of unrelated type 'map<unsigned int, std::map<std::string, fims::Vector<double>>, less<unsigned int>, allocator<pair<const unsigned int, std::map<std::string, fims::Vector<double>>>>>'
  358 |                 std::map<std::string, fims::Vector<Type>> &derived_quantities =
      |                                                            ^
  359 |                     this->population_derived_quantities[this->populations[p]->GetId()];
      |                     ~~~~~~~~~~~~~~~~~~~~~~~~~~~~~~~~~~~~~~~~~~~~~~~~~~~~~~~~~~~~~~~~~~
/Users/matthew.supernaw/FIMS-Testing/json_demo_error/new_pull/FIMS/tests/gtest/../../tests/gtest/test_population_test_fixture.hpp:129:25: note: in instantiation of member function 'fims_popdy::CatchAtAge<double>::InitializeCAA' requested here
  129 |     catch_at_age_model->InitializeCAA();
      |                         ^
In file included from /Users/matthew.supernaw/FIMS-Testing/json_demo_error/new_pull/FIMS/tests/gtest/test_population_Recruitment.cpp:3:
In file included from /Users/matthew.supernaw/FIMS-Testing/json_demo_error/new_pull/FIMS/tests/gtest/../../tests/gtest/test_population_test_fixture.hpp:5:
/Users/matthew.supernaw/FIMS-Testing/json_demo_error/new_pull/FIMS/tests/gtest/../../tests/gtest/../../inst/include/models/functors/catch_at_age.hpp:362:27: error: no member named 'population_derived_quantities_dims' in 'fims_popdy::CatchAtAge<double>'
  362 |                     this->population_derived_quantities_dims[this->populations[p]->GetId()];
      |                     ~~~~  ^
/Users/matthew.supernaw/FIMS-Testing/json_demo_error/new_pull/FIMS/tests/gtest/../../tests/gtest/../../inst/include/models/functors/catch_at_age.hpp:452:60: error: non-const lvalue reference to type 'map<std::string, fims::Vector<double>, less<std::string>, allocator<pair<const std::string, fims::Vector<double>>>>' cannot bind to a value of unrelated type 'map<unsigned int, std::map<std::string, fims::Vector<double>>, less<unsigned int>, allocator<pair<const unsigned int, std::map<std::string, fims::Vector<double>>>>>'
  452 |                 std::map<std::string, fims::Vector<Type>> &derived_quantities =
      |                                                            ^
  453 |                     this->fleet_derived_quantities[fleet->GetId()];
      |                     ~~~~~~~~~~~~~~~~~~~~~~~~~~~~~~~~~~~~~~~~~~~~~~
/Users/matthew.supernaw/FIMS-Testing/json_demo_error/new_pull/FIMS/tests/gtest/../../tests/gtest/../../inst/include/models/functors/catch_at_age.hpp:456:31: error: no member named 'fleet_derived_quantities_dims' in 'fims_popdy::CatchAtAge<double>'
  456 |                         this->fleet_derived_quantities_dims[fleet->GetId()];
      |                         ~~~~  ^
In file included from /Users/matthew.supernaw/FIMS-Testing/json_demo_error/new_pull/FIMS/tests/gtest/test_population_Recruitment.cpp:1:
In file included from /Users/matthew.supernaw/FIMS-Testing/json_demo_error/new_pull/FIMS/build/_deps/googletest-src/googletest/include/gtest/gtest.h:55:
In file included from /Applications/Xcode.app/Contents/Developer/Platforms/MacOSX.platform/Developer/SDKs/MacOSX.sdk/usr/include/c++/v1/memory:939:
/Applications/Xcode.app/Contents/Developer/Platforms/MacOSX.platform/Developer/SDKs/MacOSX.sdk/usr/include/c++/v1/__memory/shared_ptr.h:749:19: error: static assertion failed due to requirement 'is_array<std::map<unsigned int, std::map<std::string, fims::Vector<double>, std::less<std::string>, std::allocator<std::pair<const std::string, fims::Vector<double>>>>, std::less<unsigned int>, std::allocator<std::pair<const unsigned int, std::map<std::string, fims::Vector<double>, std::less<std::string>, std::allocator<std::pair<const std::string, fims::Vector<double>>>>>>>>::value': std::shared_ptr<T>::operator[] is only valid when T is an array type.
  749 |     static_assert(is_array<_Tp>::value, "std::shared_ptr<T>::operator[] is only valid when T is an array type.");
      |                   ^~~~~~~~~~~~~~~~~~~~
/Users/matthew.supernaw/FIMS-Testing/json_demo_error/new_pull/FIMS/tests/gtest/../../tests/gtest/../../inst/include/models/functors/catch_at_age.hpp:359:21: note: in instantiation of member function 'std::shared_ptr<std::map<unsigned int, std::map<std::string, fims::Vector<double>>>>::operator[]' requested here
  359 |                     this->population_derived_quantities[this->populations[p]->GetId()];
      |                     ^
/Users/matthew.supernaw/FIMS-Testing/json_demo_error/new_pull/FIMS/tests/gtest/../../tests/gtest/test_population_test_fixture.hpp:129:25: note: in instantiation of member function 'fims_popdy::CatchAtAge<double>::InitializeCAA' requested here
  129 |     catch_at_age_model->InitializeCAA();
      |                         ^
3 warnings and 5 errors generated.
[9/25] Building CXX object tests/gtest/CMakeFiles/population_B_and_SB.dir/test_population_B_and_SB.cpp.o
FAILED: [code=1] tests/gtest/CMakeFiles/population_B_and_SB.dir/test_population_B_and_SB.cpp.o 
/usr/bin/c++ -DSTD_LIB -I/Users/matthew.supernaw/FIMS-Testing/json_demo_error/new_pull/FIMS/inst/include -isystem /Users/matthew.supernaw/FIMS-Testing/json_demo_error/new_pull/FIMS/build/_deps/googletest-src/googletest/include -isystem /Users/matthew.supernaw/FIMS-Testing/json_demo_error/new_pull/FIMS/build/_deps/googletest-src/googletest --coverage -std=gnu++17 -arch arm64 -MD -MT tests/gtest/CMakeFiles/population_B_and_SB.dir/test_population_B_and_SB.cpp.o -MF tests/gtest/CMakeFiles/population_B_and_SB.dir/test_population_B_and_SB.cpp.o.d -o tests/gtest/CMakeFiles/population_B_and_SB.dir/test_population_B_and_SB.cpp.o -c /Users/matthew.supernaw/FIMS-Testing/json_demo_error/new_pull/FIMS/tests/gtest/test_population_B_and_SB.cpp
In file included from /Users/matthew.supernaw/FIMS-Testing/json_demo_error/new_pull/FIMS/tests/gtest/test_population_B_and_SB.cpp:3:
/Users/matthew.supernaw/FIMS-Testing/json_demo_error/new_pull/FIMS/tests/gtest/../../tests/gtest/test_population_test_fixture.hpp:46:16: warning: 'TearDown' overrides a member function but is not marked 'override' [-Winconsistent-missing-override]
   46 |   virtual void TearDown() {}
      |                ^
/Users/matthew.supernaw/FIMS-Testing/json_demo_error/new_pull/FIMS/build/_deps/googletest-src/googletest/include/gtest/gtest.h:315:16: note: overridden virtual function is here
  315 |   virtual void TearDown();
      |                ^
In file included from /Users/matthew.supernaw/FIMS-Testing/json_demo_error/new_pull/FIMS/tests/gtest/test_population_B_and_SB.cpp:3:
/Users/matthew.supernaw/FIMS-Testing/json_demo_error/new_pull/FIMS/tests/gtest/../../tests/gtest/test_population_test_fixture.hpp:233:16: warning: 'TearDown' overrides a member function but is not marked 'override' [-Winconsistent-missing-override]
  233 |   virtual void TearDown() {}
      |                ^
/Users/matthew.supernaw/FIMS-Testing/json_demo_error/new_pull/FIMS/build/_deps/googletest-src/googletest/include/gtest/gtest.h:315:16: note: overridden virtual function is here
  315 |   virtual void TearDown();
      |                ^
In file included from /Users/matthew.supernaw/FIMS-Testing/json_demo_error/new_pull/FIMS/tests/gtest/test_population_B_and_SB.cpp:3:
/Users/matthew.supernaw/FIMS-Testing/json_demo_error/new_pull/FIMS/tests/gtest/../../tests/gtest/test_population_test_fixture.hpp:357:16: warning: 'TearDown' overrides a member function but is not marked 'override' [-Winconsistent-missing-override]
  357 |   virtual void TearDown() {}
      |                ^
/Users/matthew.supernaw/FIMS-Testing/json_demo_error/new_pull/FIMS/build/_deps/googletest-src/googletest/include/gtest/gtest.h:315:16: note: overridden virtual function is here
  315 |   virtual void TearDown();
      |                ^
In file included from /Users/matthew.supernaw/FIMS-Testing/json_demo_error/new_pull/FIMS/tests/gtest/test_population_B_and_SB.cpp:3:
In file included from /Users/matthew.supernaw/FIMS-Testing/json_demo_error/new_pull/FIMS/tests/gtest/../../tests/gtest/test_population_test_fixture.hpp:5:
/Users/matthew.supernaw/FIMS-Testing/json_demo_error/new_pull/FIMS/tests/gtest/../../tests/gtest/../../inst/include/models/functors/catch_at_age.hpp:358:60: error: non-const lvalue reference to type 'map<std::string, fims::Vector<double>, less<std::string>, allocator<pair<const std::string, fims::Vector<double>>>>' cannot bind to a value of unrelated type 'map<unsigned int, std::map<std::string, fims::Vector<double>>, less<unsigned int>, allocator<pair<const unsigned int, std::map<std::string, fims::Vector<double>>>>>'
  358 |                 std::map<std::string, fims::Vector<Type>> &derived_quantities =
      |                                                            ^
  359 |                     this->population_derived_quantities[this->populations[p]->GetId()];
      |                     ~~~~~~~~~~~~~~~~~~~~~~~~~~~~~~~~~~~~~~~~~~~~~~~~~~~~~~~~~~~~~~~~~~
/Users/matthew.supernaw/FIMS-Testing/json_demo_error/new_pull/FIMS/tests/gtest/../../tests/gtest/test_population_test_fixture.hpp:129:25: note: in instantiation of member function 'fims_popdy::CatchAtAge<double>::InitializeCAA' requested here
  129 |     catch_at_age_model->InitializeCAA();
      |                         ^
In file included from /Users/matthew.supernaw/FIMS-Testing/json_demo_error/new_pull/FIMS/tests/gtest/test_population_B_and_SB.cpp:3:
In file included from /Users/matthew.supernaw/FIMS-Testing/json_demo_error/new_pull/FIMS/tests/gtest/../../tests/gtest/test_population_test_fixture.hpp:5:
/Users/matthew.supernaw/FIMS-Testing/json_demo_error/new_pull/FIMS/tests/gtest/../../tests/gtest/../../inst/include/models/functors/catch_at_age.hpp:362:27: error: no member named 'population_derived_quantities_dims' in 'fims_popdy::CatchAtAge<double>'
  362 |                     this->population_derived_quantities_dims[this->populations[p]->GetId()];
      |                     ~~~~  ^
/Users/matthew.supernaw/FIMS-Testing/json_demo_error/new_pull/FIMS/tests/gtest/../../tests/gtest/../../inst/include/models/functors/catch_at_age.hpp:452:60: error: non-const lvalue reference to type 'map<std::string, fims::Vector<double>, less<std::string>, allocator<pair<const std::string, fims::Vector<double>>>>' cannot bind to a value of unrelated type 'map<unsigned int, std::map<std::string, fims::Vector<double>>, less<unsigned int>, allocator<pair<const unsigned int, std::map<std::string, fims::Vector<double>>>>>'
  452 |                 std::map<std::string, fims::Vector<Type>> &derived_quantities =
      |                                                            ^
  453 |                     this->fleet_derived_quantities[fleet->GetId()];
      |                     ~~~~~~~~~~~~~~~~~~~~~~~~~~~~~~~~~~~~~~~~~~~~~~
/Users/matthew.supernaw/FIMS-Testing/json_demo_error/new_pull/FIMS/tests/gtest/../../tests/gtest/../../inst/include/models/functors/catch_at_age.hpp:456:31: error: no member named 'fleet_derived_quantities_dims' in 'fims_popdy::CatchAtAge<double>'
  456 |                         this->fleet_derived_quantities_dims[fleet->GetId()];
      |                         ~~~~  ^
In file included from /Users/matthew.supernaw/FIMS-Testing/json_demo_error/new_pull/FIMS/tests/gtest/test_population_B_and_SB.cpp:1:
In file included from /Users/matthew.supernaw/FIMS-Testing/json_demo_error/new_pull/FIMS/build/_deps/googletest-src/googletest/include/gtest/gtest.h:55:
In file included from /Applications/Xcode.app/Contents/Developer/Platforms/MacOSX.platform/Developer/SDKs/MacOSX.sdk/usr/include/c++/v1/memory:939:
/Applications/Xcode.app/Contents/Developer/Platforms/MacOSX.platform/Developer/SDKs/MacOSX.sdk/usr/include/c++/v1/__memory/shared_ptr.h:749:19: error: static assertion failed due to requirement 'is_array<std::map<unsigned int, std::map<std::string, fims::Vector<double>, std::less<std::string>, std::allocator<std::pair<const std::string, fims::Vector<double>>>>, std::less<unsigned int>, std::allocator<std::pair<const unsigned int, std::map<std::string, fims::Vector<double>, std::less<std::string>, std::allocator<std::pair<const std::string, fims::Vector<double>>>>>>>>::value': std::shared_ptr<T>::operator[] is only valid when T is an array type.
  749 |     static_assert(is_array<_Tp>::value, "std::shared_ptr<T>::operator[] is only valid when T is an array type.");
      |                   ^~~~~~~~~~~~~~~~~~~~
/Users/matthew.supernaw/FIMS-Testing/json_demo_error/new_pull/FIMS/tests/gtest/../../tests/gtest/../../inst/include/models/functors/catch_at_age.hpp:359:21: note: in instantiation of member function 'std::shared_ptr<std::map<unsigned int, std::map<std::string, fims::Vector<double>>>>::operator[]' requested here
  359 |                     this->population_derived_quantities[this->populations[p]->GetId()];
      |                     ^
/Users/matthew.supernaw/FIMS-Testing/json_demo_error/new_pull/FIMS/tests/gtest/../../tests/gtest/test_population_test_fixture.hpp:129:25: note: in instantiation of member function 'fims_popdy::CatchAtAge<double>::InitializeCAA' requested here
  129 |     catch_at_age_model->InitializeCAA();
      |                         ^
3 warnings and 5 errors generated.
[10/25] Building CXX object tests/gtest/CMakeFiles/population_NumbersAtAge.dir/test_population_NumbersAtAge.cpp.o
FAILED: [code=1] tests/gtest/CMakeFiles/population_NumbersAtAge.dir/test_population_NumbersAtAge.cpp.o 
/usr/bin/c++ -DSTD_LIB -I/Users/matthew.supernaw/FIMS-Testing/json_demo_error/new_pull/FIMS/inst/include -isystem /Users/matthew.supernaw/FIMS-Testing/json_demo_error/new_pull/FIMS/build/_deps/googletest-src/googletest/include -isystem /Users/matthew.supernaw/FIMS-Testing/json_demo_error/new_pull/FIMS/build/_deps/googletest-src/googletest --coverage -std=gnu++17 -arch arm64 -MD -MT tests/gtest/CMakeFiles/population_NumbersAtAge.dir/test_population_NumbersAtAge.cpp.o -MF tests/gtest/CMakeFiles/population_NumbersAtAge.dir/test_population_NumbersAtAge.cpp.o.d -o tests/gtest/CMakeFiles/population_NumbersAtAge.dir/test_population_NumbersAtAge.cpp.o -c /Users/matthew.supernaw/FIMS-Testing/json_demo_error/new_pull/FIMS/tests/gtest/test_population_NumbersAtAge.cpp
In file included from /Users/matthew.supernaw/FIMS-Testing/json_demo_error/new_pull/FIMS/tests/gtest/test_population_NumbersAtAge.cpp:3:
/Users/matthew.supernaw/FIMS-Testing/json_demo_error/new_pull/FIMS/tests/gtest/../../tests/gtest/test_population_test_fixture.hpp:46:16: warning: 'TearDown' overrides a member function but is not marked 'override' [-Winconsistent-missing-override]
   46 |   virtual void TearDown() {}
      |                ^
/Users/matthew.supernaw/FIMS-Testing/json_demo_error/new_pull/FIMS/build/_deps/googletest-src/googletest/include/gtest/gtest.h:315:16: note: overridden virtual function is here
  315 |   virtual void TearDown();
      |                ^
In file included from /Users/matthew.supernaw/FIMS-Testing/json_demo_error/new_pull/FIMS/tests/gtest/test_population_NumbersAtAge.cpp:3:
/Users/matthew.supernaw/FIMS-Testing/json_demo_error/new_pull/FIMS/tests/gtest/../../tests/gtest/test_population_test_fixture.hpp:233:16: warning: 'TearDown' overrides a member function but is not marked 'override' [-Winconsistent-missing-override]
  233 |   virtual void TearDown() {}
      |                ^
/Users/matthew.supernaw/FIMS-Testing/json_demo_error/new_pull/FIMS/build/_deps/googletest-src/googletest/include/gtest/gtest.h:315:16: note: overridden virtual function is here
  315 |   virtual void TearDown();
      |                ^
In file included from /Users/matthew.supernaw/FIMS-Testing/json_demo_error/new_pull/FIMS/tests/gtest/test_population_NumbersAtAge.cpp:3:
/Users/matthew.supernaw/FIMS-Testing/json_demo_error/new_pull/FIMS/tests/gtest/../../tests/gtest/test_population_test_fixture.hpp:357:16: warning: 'TearDown' overrides a member function but is not marked 'override' [-Winconsistent-missing-override]
  357 |   virtual void TearDown() {}
      |                ^
/Users/matthew.supernaw/FIMS-Testing/json_demo_error/new_pull/FIMS/build/_deps/googletest-src/googletest/include/gtest/gtest.h:315:16: note: overridden virtual function is here
  315 |   virtual void TearDown();
      |                ^
In file included from /Users/matthew.supernaw/FIMS-Testing/json_demo_error/new_pull/FIMS/tests/gtest/test_population_NumbersAtAge.cpp:3:
In file included from /Users/matthew.supernaw/FIMS-Testing/json_demo_error/new_pull/FIMS/tests/gtest/../../tests/gtest/test_population_test_fixture.hpp:5:
/Users/matthew.supernaw/FIMS-Testing/json_demo_error/new_pull/FIMS/tests/gtest/../../tests/gtest/../../inst/include/models/functors/catch_at_age.hpp:358:60: error: non-const lvalue reference to type 'map<std::string, fims::Vector<double>, less<std::string>, allocator<pair<const std::string, fims::Vector<double>>>>' cannot bind to a value of unrelated type 'map<unsigned int, std::map<std::string, fims::Vector<double>>, less<unsigned int>, allocator<pair<const unsigned int, std::map<std::string, fims::Vector<double>>>>>'
  358 |                 std::map<std::string, fims::Vector<Type>> &derived_quantities =
      |                                                            ^
  359 |                     this->population_derived_quantities[this->populations[p]->GetId()];
      |                     ~~~~~~~~~~~~~~~~~~~~~~~~~~~~~~~~~~~~~~~~~~~~~~~~~~~~~~~~~~~~~~~~~~
/Users/matthew.supernaw/FIMS-Testing/json_demo_error/new_pull/FIMS/tests/gtest/../../tests/gtest/test_population_test_fixture.hpp:129:25: note: in instantiation of member function 'fims_popdy::CatchAtAge<double>::InitializeCAA' requested here
  129 |     catch_at_age_model->InitializeCAA();
      |                         ^
In file included from /Users/matthew.supernaw/FIMS-Testing/json_demo_error/new_pull/FIMS/tests/gtest/test_population_NumbersAtAge.cpp:3:
In file included from /Users/matthew.supernaw/FIMS-Testing/json_demo_error/new_pull/FIMS/tests/gtest/../../tests/gtest/test_population_test_fixture.hpp:5:
/Users/matthew.supernaw/FIMS-Testing/json_demo_error/new_pull/FIMS/tests/gtest/../../tests/gtest/../../inst/include/models/functors/catch_at_age.hpp:362:27: error: no member named 'population_derived_quantities_dims' in 'fims_popdy::CatchAtAge<double>'
  362 |                     this->population_derived_quantities_dims[this->populations[p]->GetId()];
      |                     ~~~~  ^
/Users/matthew.supernaw/FIMS-Testing/json_demo_error/new_pull/FIMS/tests/gtest/../../tests/gtest/../../inst/include/models/functors/catch_at_age.hpp:452:60: error: non-const lvalue reference to type 'map<std::string, fims::Vector<double>, less<std::string>, allocator<pair<const std::string, fims::Vector<double>>>>' cannot bind to a value of unrelated type 'map<unsigned int, std::map<std::string, fims::Vector<double>>, less<unsigned int>, allocator<pair<const unsigned int, std::map<std::string, fims::Vector<double>>>>>'
  452 |                 std::map<std::string, fims::Vector<Type>> &derived_quantities =
      |                                                            ^
  453 |                     this->fleet_derived_quantities[fleet->GetId()];
      |                     ~~~~~~~~~~~~~~~~~~~~~~~~~~~~~~~~~~~~~~~~~~~~~~
/Users/matthew.supernaw/FIMS-Testing/json_demo_error/new_pull/FIMS/tests/gtest/../../tests/gtest/../../inst/include/models/functors/catch_at_age.hpp:456:31: error: no member named 'fleet_derived_quantities_dims' in 'fims_popdy::CatchAtAge<double>'
  456 |                         this->fleet_derived_quantities_dims[fleet->GetId()];
      |                         ~~~~  ^
In file included from /Users/matthew.supernaw/FIMS-Testing/json_demo_error/new_pull/FIMS/tests/gtest/test_population_NumbersAtAge.cpp:1:
In file included from /Users/matthew.supernaw/FIMS-Testing/json_demo_error/new_pull/FIMS/build/_deps/googletest-src/googletest/include/gtest/gtest.h:55:
In file included from /Applications/Xcode.app/Contents/Developer/Platforms/MacOSX.platform/Developer/SDKs/MacOSX.sdk/usr/include/c++/v1/memory:939:
/Applications/Xcode.app/Contents/Developer/Platforms/MacOSX.platform/Developer/SDKs/MacOSX.sdk/usr/include/c++/v1/__memory/shared_ptr.h:749:19: error: static assertion failed due to requirement 'is_array<std::map<unsigned int, std::map<std::string, fims::Vector<double>, std::less<std::string>, std::allocator<std::pair<const std::string, fims::Vector<double>>>>, std::less<unsigned int>, std::allocator<std::pair<const unsigned int, std::map<std::string, fims::Vector<double>, std::less<std::string>, std::allocator<std::pair<const std::string, fims::Vector<double>>>>>>>>::value': std::shared_ptr<T>::operator[] is only valid when T is an array type.
  749 |     static_assert(is_array<_Tp>::value, "std::shared_ptr<T>::operator[] is only valid when T is an array type.");
      |                   ^~~~~~~~~~~~~~~~~~~~
/Users/matthew.supernaw/FIMS-Testing/json_demo_error/new_pull/FIMS/tests/gtest/../../tests/gtest/../../inst/include/models/functors/catch_at_age.hpp:359:21: note: in instantiation of member function 'std::shared_ptr<std::map<unsigned int, std::map<std::string, fims::Vector<double>>>>::operator[]' requested here
  359 |                     this->population_derived_quantities[this->populations[p]->GetId()];
      |                     ^
/Users/matthew.supernaw/FIMS-Testing/json_demo_error/new_pull/FIMS/tests/gtest/../../tests/gtest/test_population_test_fixture.hpp:129:25: note: in instantiation of member function 'fims_popdy::CatchAtAge<double>::InitializeCAA' requested here
  129 |     catch_at_age_model->InitializeCAA();
      |                         ^
3 warnings and 5 errors generated.
[11/25] Building CXX object tests/gtest/CMakeFiles/population_MaturityAtAge.dir/test_population_MaturityAtAge.cpp.o
FAILED: [code=1] tests/gtest/CMakeFiles/population_MaturityAtAge.dir/test_population_MaturityAtAge.cpp.o 
/usr/bin/c++ -DSTD_LIB -I/Users/matthew.supernaw/FIMS-Testing/json_demo_error/new_pull/FIMS/inst/include -isystem /Users/matthew.supernaw/FIMS-Testing/json_demo_error/new_pull/FIMS/build/_deps/googletest-src/googletest/include -isystem /Users/matthew.supernaw/FIMS-Testing/json_demo_error/new_pull/FIMS/build/_deps/googletest-src/googletest --coverage -std=gnu++17 -arch arm64 -MD -MT tests/gtest/CMakeFiles/population_MaturityAtAge.dir/test_population_MaturityAtAge.cpp.o -MF tests/gtest/CMakeFiles/population_MaturityAtAge.dir/test_population_MaturityAtAge.cpp.o.d -o tests/gtest/CMakeFiles/population_MaturityAtAge.dir/test_population_MaturityAtAge.cpp.o -c /Users/matthew.supernaw/FIMS-Testing/json_demo_error/new_pull/FIMS/tests/gtest/test_population_MaturityAtAge.cpp
In file included from /Users/matthew.supernaw/FIMS-Testing/json_demo_error/new_pull/FIMS/tests/gtest/test_population_MaturityAtAge.cpp:3:
/Users/matthew.supernaw/FIMS-Testing/json_demo_error/new_pull/FIMS/tests/gtest/../../tests/gtest/test_population_test_fixture.hpp:46:16: warning: 'TearDown' overrides a member function but is not marked 'override' [-Winconsistent-missing-override]
   46 |   virtual void TearDown() {}
      |                ^
/Users/matthew.supernaw/FIMS-Testing/json_demo_error/new_pull/FIMS/build/_deps/googletest-src/googletest/include/gtest/gtest.h:315:16: note: overridden virtual function is here
  315 |   virtual void TearDown();
      |                ^
In file included from /Users/matthew.supernaw/FIMS-Testing/json_demo_error/new_pull/FIMS/tests/gtest/test_population_MaturityAtAge.cpp:3:
/Users/matthew.supernaw/FIMS-Testing/json_demo_error/new_pull/FIMS/tests/gtest/../../tests/gtest/test_population_test_fixture.hpp:233:16: warning: 'TearDown' overrides a member function but is not marked 'override' [-Winconsistent-missing-override]
  233 |   virtual void TearDown() {}
      |                ^
/Users/matthew.supernaw/FIMS-Testing/json_demo_error/new_pull/FIMS/build/_deps/googletest-src/googletest/include/gtest/gtest.h:315:16: note: overridden virtual function is here
  315 |   virtual void TearDown();
      |                ^
In file included from /Users/matthew.supernaw/FIMS-Testing/json_demo_error/new_pull/FIMS/tests/gtest/test_population_MaturityAtAge.cpp:3:
/Users/matthew.supernaw/FIMS-Testing/json_demo_error/new_pull/FIMS/tests/gtest/../../tests/gtest/test_population_test_fixture.hpp:357:16: warning: 'TearDown' overrides a member function but is not marked 'override' [-Winconsistent-missing-override]
  357 |   virtual void TearDown() {}
      |                ^
/Users/matthew.supernaw/FIMS-Testing/json_demo_error/new_pull/FIMS/build/_deps/googletest-src/googletest/include/gtest/gtest.h:315:16: note: overridden virtual function is here
  315 |   virtual void TearDown();
      |                ^
In file included from /Users/matthew.supernaw/FIMS-Testing/json_demo_error/new_pull/FIMS/tests/gtest/test_population_MaturityAtAge.cpp:3:
In file included from /Users/matthew.supernaw/FIMS-Testing/json_demo_error/new_pull/FIMS/tests/gtest/../../tests/gtest/test_population_test_fixture.hpp:5:
/Users/matthew.supernaw/FIMS-Testing/json_demo_error/new_pull/FIMS/tests/gtest/../../tests/gtest/../../inst/include/models/functors/catch_at_age.hpp:358:60: error: non-const lvalue reference to type 'map<std::string, fims::Vector<double>, less<std::string>, allocator<pair<const std::string, fims::Vector<double>>>>' cannot bind to a value of unrelated type 'map<unsigned int, std::map<std::string, fims::Vector<double>>, less<unsigned int>, allocator<pair<const unsigned int, std::map<std::string, fims::Vector<double>>>>>'
  358 |                 std::map<std::string, fims::Vector<Type>> &derived_quantities =
      |                                                            ^
  359 |                     this->population_derived_quantities[this->populations[p]->GetId()];
      |                     ~~~~~~~~~~~~~~~~~~~~~~~~~~~~~~~~~~~~~~~~~~~~~~~~~~~~~~~~~~~~~~~~~~
/Users/matthew.supernaw/FIMS-Testing/json_demo_error/new_pull/FIMS/tests/gtest/../../tests/gtest/test_population_test_fixture.hpp:129:25: note: in instantiation of member function 'fims_popdy::CatchAtAge<double>::InitializeCAA' requested here
  129 |     catch_at_age_model->InitializeCAA();
      |                         ^
In file included from /Users/matthew.supernaw/FIMS-Testing/json_demo_error/new_pull/FIMS/tests/gtest/test_population_MaturityAtAge.cpp:3:
In file included from /Users/matthew.supernaw/FIMS-Testing/json_demo_error/new_pull/FIMS/tests/gtest/../../tests/gtest/test_population_test_fixture.hpp:5:
/Users/matthew.supernaw/FIMS-Testing/json_demo_error/new_pull/FIMS/tests/gtest/../../tests/gtest/../../inst/include/models/functors/catch_at_age.hpp:362:27: error: no member named 'population_derived_quantities_dims' in 'fims_popdy::CatchAtAge<double>'
  362 |                     this->population_derived_quantities_dims[this->populations[p]->GetId()];
      |                     ~~~~  ^
/Users/matthew.supernaw/FIMS-Testing/json_demo_error/new_pull/FIMS/tests/gtest/../../tests/gtest/../../inst/include/models/functors/catch_at_age.hpp:452:60: error: non-const lvalue reference to type 'map<std::string, fims::Vector<double>, less<std::string>, allocator<pair<const std::string, fims::Vector<double>>>>' cannot bind to a value of unrelated type 'map<unsigned int, std::map<std::string, fims::Vector<double>>, less<unsigned int>, allocator<pair<const unsigned int, std::map<std::string, fims::Vector<double>>>>>'
  452 |                 std::map<std::string, fims::Vector<Type>> &derived_quantities =
      |                                                            ^
  453 |                     this->fleet_derived_quantities[fleet->GetId()];
      |                     ~~~~~~~~~~~~~~~~~~~~~~~~~~~~~~~~~~~~~~~~~~~~~~
/Users/matthew.supernaw/FIMS-Testing/json_demo_error/new_pull/FIMS/tests/gtest/../../tests/gtest/../../inst/include/models/functors/catch_at_age.hpp:456:31: error: no member named 'fleet_derived_quantities_dims' in 'fims_popdy::CatchAtAge<double>'
  456 |                         this->fleet_derived_quantities_dims[fleet->GetId()];
      |                         ~~~~  ^
In file included from /Users/matthew.supernaw/FIMS-Testing/json_demo_error/new_pull/FIMS/tests/gtest/test_population_MaturityAtAge.cpp:1:
In file included from /Users/matthew.supernaw/FIMS-Testing/json_demo_error/new_pull/FIMS/build/_deps/googletest-src/googletest/include/gtest/gtest.h:55:
In file included from /Applications/Xcode.app/Contents/Developer/Platforms/MacOSX.platform/Developer/SDKs/MacOSX.sdk/usr/include/c++/v1/memory:939:
/Applications/Xcode.app/Contents/Developer/Platforms/MacOSX.platform/Developer/SDKs/MacOSX.sdk/usr/include/c++/v1/__memory/shared_ptr.h:749:19: error: static assertion failed due to requirement 'is_array<std::map<unsigned int, std::map<std::string, fims::Vector<double>, std::less<std::string>, std::allocator<std::pair<const std::string, fims::Vector<double>>>>, std::less<unsigned int>, std::allocator<std::pair<const unsigned int, std::map<std::string, fims::Vector<double>, std::less<std::string>, std::allocator<std::pair<const std::string, fims::Vector<double>>>>>>>>::value': std::shared_ptr<T>::operator[] is only valid when T is an array type.
  749 |     static_assert(is_array<_Tp>::value, "std::shared_ptr<T>::operator[] is only valid when T is an array type.");
      |                   ^~~~~~~~~~~~~~~~~~~~
/Users/matthew.supernaw/FIMS-Testing/json_demo_error/new_pull/FIMS/tests/gtest/../../tests/gtest/../../inst/include/models/functors/catch_at_age.hpp:359:21: note: in instantiation of member function 'std::shared_ptr<std::map<unsigned int, std::map<std::string, fims::Vector<double>>>>::operator[]' requested here
  359 |                     this->population_derived_quantities[this->populations[p]->GetId()];
      |                     ^
/Users/matthew.supernaw/FIMS-Testing/json_demo_error/new_pull/FIMS/tests/gtest/../../tests/gtest/test_population_test_fixture.hpp:129:25: note: in instantiation of member function 'fims_popdy::CatchAtAge<double>::InitializeCAA' requested here
  129 |     catch_at_age_model->InitializeCAA();
      |                         ^
3 warnings and 5 errors generated.
[12/25] Building CXX object tests/gtest/CMakeFiles/info_setup_random_effects.dir/test_info_setup_random_effects.cpp.o
[13/25] Building CXX object tests/gtest/CMakeFiles/info_setup_priors.dir/test_info_setup_priors.cpp.o
ninja: build stopped: subcommand failed.
